<?xml version="1.0" encoding="UTF-8"?>
<testng-results skipped="9" failed="0" ignored="8" total="17" passed="0">
  <reporter-output>
  </reporter-output>
  <suite name="Suite" duration-ms="416" started-at="2021-06-01T21:52:03 IST" finished-at="2021-06-01T21:52:04 IST">
    <groups>
    </groups>
    <test name="Test" duration-ms="416" started-at="2021-06-01T21:52:03 IST" finished-at="2021-06-01T21:52:04 IST">
      <class name="com.Guru99.tests.MiniStatementTest">
        <test-method status="SKIP" signature="launchbrowser()[pri:0, instance:com.Guru99.tests.MiniStatementTest@1b26f7b2]" name="launchbrowser" is-config="true" duration-ms="-1622564524089" started-at="2021-06-01T21:52:04 IST" finished-at="1970-01-01T05:30:00 IST">
          <reporter-output>
          </reporter-output>
        </test-method> <!-- launchbrowser -->
        <test-method status="SKIP" signature="openApplication()[pri:0, instance:com.Guru99.tests.MiniStatementTest@1b26f7b2]" name="openApplication" is-config="true" duration-ms="-1622564524090" started-at="2021-06-01T21:52:04 IST" finished-at="1970-01-01T05:30:00 IST">
          <reporter-output>
          </reporter-output>
        </test-method> <!-- openApplication -->
        <test-method status="SKIP" signature="verifyMiniStatement()[pri:0, instance:com.Guru99.tests.MiniStatementTest@1b26f7b2]" name="verifyMiniStatement" duration-ms="0" started-at="2021-06-01T21:52:04 IST" finished-at="2021-06-01T21:52:04 IST">
          <exception class="java.io.FileNotFoundException">
            <message>
              <![CDATA[C:\Codebase\Bankproject\Resources\config\Book1.xlsx (The system cannot find the path specified)]]>
            </message>
            <full-stacktrace>
              <![CDATA[java.io.FileNotFoundException: C:\Codebase\Bankproject\Resources\config\Book1.xlsx (The system cannot find the path specified)
at java.io.FileInputStream.open0(Native Method)
at java.io.FileInputStream.open(FileInputStream.java:195)
at java.io.FileInputStream.<init>(FileInputStream.java:138)
at com.Guru99.utilities.Excelutil.intializeproperty(Excelutil.java:16)
at com.Guru99.globaltest.BaseTest.intialize(BaseTest.java:26)
at sun.reflect.NativeMethodAccessorImpl.invoke0(Native Method)
at sun.reflect.NativeMethodAccessorImpl.invoke(NativeMethodAccessorImpl.java:62)
at sun.reflect.DelegatingMethodAccessorImpl.invoke(DelegatingMethodAccessorImpl.java:43)
at java.lang.reflect.Method.invoke(Method.java:498)
at org.testng.internal.MethodInvocationHelper.invokeMethod(MethodInvocationHelper.java:133)
at org.testng.internal.MethodInvocationHelper.invokeMethodConsideringTimeout(MethodInvocationHelper.java:62)
at org.testng.internal.ConfigInvoker.invokeConfigurationMethod(ConfigInvoker.java:385)
at org.testng.internal.ConfigInvoker.invokeConfigurations(ConfigInvoker.java:321)
at org.testng.SuiteRunner.privateRun(SuiteRunner.java:317)
at org.testng.SuiteRunner.run(SuiteRunner.java:276)
at org.testng.SuiteRunnerWorker.runSuite(SuiteRunnerWorker.java:53)
at org.testng.SuiteRunnerWorker.run(SuiteRunnerWorker.java:96)
at org.testng.TestNG.runSuitesSequentially(TestNG.java:1212)
at org.testng.TestNG.runSuitesLocally(TestNG.java:1134)
at org.testng.TestNG.runSuites(TestNG.java:1063)
at org.testng.TestNG.run(TestNG.java:1031)
at org.testng.remote.AbstractRemoteTestNG.run(AbstractRemoteTestNG.java:115)
at org.testng.remote.RemoteTestNG.initAndRun(RemoteTestNG.java:251)
at org.testng.remote.RemoteTestNG.main(RemoteTestNG.java:77)
]]>
            </full-stacktrace>
          </exception> <!-- java.io.FileNotFoundException -->
          <reporter-output>
          </reporter-output>
        </test-method> <!-- verifyMiniStatement -->
        <test-method status="SKIP" signature="closebrowser()[pri:0, instance:com.Guru99.tests.MiniStatementTest@1b26f7b2]" name="closebrowser" is-config="true" duration-ms="-1622564524096" started-at="2021-06-01T21:52:04 IST" finished-at="1970-01-01T05:30:00 IST">
          <reporter-output>
          </reporter-output>
        </test-method> <!-- closebrowser -->
      </class> <!-- com.Guru99.tests.MiniStatementTest -->
      <class name="com.Guru99.tests.DepositAmountTest">
        <test-method status="SKIP" signature="launchbrowser()[pri:0, instance:com.Guru99.tests.DepositAmountTest@491cc5c9]" name="launchbrowser" is-config="true" duration-ms="-1622564524099" started-at="2021-06-01T21:52:04 IST" finished-at="1970-01-01T05:30:00 IST">
          <reporter-output>
          </reporter-output>
        </test-method> <!-- launchbrowser -->
        <test-method status="SKIP" signature="openApplication()[pri:0, instance:com.Guru99.tests.DepositAmountTest@491cc5c9]" name="openApplication" is-config="true" duration-ms="-1622564524101" started-at="2021-06-01T21:52:04 IST" finished-at="1970-01-01T05:30:00 IST">
          <reporter-output>
          </reporter-output>
        </test-method> <!-- openApplication -->
        <test-method status="SKIP" signature="verifyDepositAmount()[pri:0, instance:com.Guru99.tests.DepositAmountTest@491cc5c9]" name="verifyDepositAmount" duration-ms="0" started-at="2021-06-01T21:52:04 IST" finished-at="2021-06-01T21:52:04 IST">
          <exception class="java.io.FileNotFoundException">
            <message>
              <![CDATA[C:\Codebase\Bankproject\Resources\config\Book1.xlsx (The system cannot find the path specified)]]>
            </message>
            <full-stacktrace>
              <![CDATA[java.io.FileNotFoundException: C:\Codebase\Bankproject\Resources\config\Book1.xlsx (The system cannot find the path specified)
at java.io.FileInputStream.open0(Native Method)
at java.io.FileInputStream.open(FileInputStream.java:195)
at java.io.FileInputStream.<init>(FileInputStream.java:138)
at com.Guru99.utilities.Excelutil.intializeproperty(Excelutil.java:16)
at com.Guru99.globaltest.BaseTest.intialize(BaseTest.java:26)
at sun.reflect.NativeMethodAccessorImpl.invoke0(Native Method)
at sun.reflect.NativeMethodAccessorImpl.invoke(NativeMethodAccessorImpl.java:62)
at sun.reflect.DelegatingMethodAccessorImpl.invoke(DelegatingMethodAccessorImpl.java:43)
at java.lang.reflect.Method.invoke(Method.java:498)
at org.testng.internal.MethodInvocationHelper.invokeMethod(MethodInvocationHelper.java:133)
at org.testng.internal.MethodInvocationHelper.invokeMethodConsideringTimeout(MethodInvocationHelper.java:62)
at org.testng.internal.ConfigInvoker.invokeConfigurationMethod(ConfigInvoker.java:385)
at org.testng.internal.ConfigInvoker.invokeConfigurations(ConfigInvoker.java:321)
at org.testng.SuiteRunner.privateRun(SuiteRunner.java:317)
at org.testng.SuiteRunner.run(SuiteRunner.java:276)
at org.testng.SuiteRunnerWorker.runSuite(SuiteRunnerWorker.java:53)
at org.testng.SuiteRunnerWorker.run(SuiteRunnerWorker.java:96)
at org.testng.TestNG.runSuitesSequentially(TestNG.java:1212)
at org.testng.TestNG.runSuitesLocally(TestNG.java:1134)
at org.testng.TestNG.runSuites(TestNG.java:1063)
at org.testng.TestNG.run(TestNG.java:1031)
at org.testng.remote.AbstractRemoteTestNG.run(AbstractRemoteTestNG.java:115)
at org.testng.remote.RemoteTestNG.initAndRun(RemoteTestNG.java:251)
at org.testng.remote.RemoteTestNG.main(RemoteTestNG.java:77)
]]>
            </full-stacktrace>
          </exception> <!-- java.io.FileNotFoundException -->
          <reporter-output>
          </reporter-output>
        </test-method> <!-- verifyDepositAmount -->
        <test-method status="SKIP" signature="closebrowser()[pri:0, instance:com.Guru99.tests.DepositAmountTest@491cc5c9]" name="closebrowser" is-config="true" duration-ms="-1622564524113" started-at="2021-06-01T21:52:04 IST" finished-at="1970-01-01T05:30:00 IST">
          <reporter-output>
          </reporter-output>
        </test-method> <!-- closebrowser -->
      </class> <!-- com.Guru99.tests.DepositAmountTest -->
      <class name="com.Guru99.tests.FundTransferTest">
        <test-method status="FAIL" signature="intialize()[pri:0, instance:com.Guru99.tests.FundTransferTest@4eb7f003]" name="intialize" is-config="true" duration-ms="30" started-at="2021-06-01T21:52:03 IST" finished-at="2021-06-01T21:52:03 IST">
          <exception class="java.io.FileNotFoundException">
            <message>
              <![CDATA[C:\Codebase\Bankproject\Resources\config\Book1.xlsx (The system cannot find the path specified)]]>
            </message>
            <full-stacktrace>
              <![CDATA[java.io.FileNotFoundException: C:\Codebase\Bankproject\Resources\config\Book1.xlsx (The system cannot find the path specified)
at java.io.FileInputStream.open0(Native Method)
at java.io.FileInputStream.open(FileInputStream.java:195)
at java.io.FileInputStream.<init>(FileInputStream.java:138)
at com.Guru99.utilities.Excelutil.intializeproperty(Excelutil.java:16)
at com.Guru99.globaltest.BaseTest.intialize(BaseTest.java:26)
at sun.reflect.NativeMethodAccessorImpl.invoke0(Native Method)
at sun.reflect.NativeMethodAccessorImpl.invoke(NativeMethodAccessorImpl.java:62)
at sun.reflect.DelegatingMethodAccessorImpl.invoke(DelegatingMethodAccessorImpl.java:43)
at java.lang.reflect.Method.invoke(Method.java:498)
at org.testng.internal.MethodInvocationHelper.invokeMethod(MethodInvocationHelper.java:133)
at org.testng.internal.MethodInvocationHelper.invokeMethodConsideringTimeout(MethodInvocationHelper.java:62)
at org.testng.internal.ConfigInvoker.invokeConfigurationMethod(ConfigInvoker.java:385)
at org.testng.internal.ConfigInvoker.invokeConfigurations(ConfigInvoker.java:321)
at org.testng.SuiteRunner.privateRun(SuiteRunner.java:317)
at org.testng.SuiteRunner.run(SuiteRunner.java:276)
at org.testng.SuiteRunnerWorker.runSuite(SuiteRunnerWorker.java:53)
at org.testng.SuiteRunnerWorker.run(SuiteRunnerWorker.java:96)
at org.testng.TestNG.runSuitesSequentially(TestNG.java:1212)
at org.testng.TestNG.runSuitesLocally(TestNG.java:1134)
at org.testng.TestNG.runSuites(TestNG.java:1063)
at org.testng.TestNG.run(TestNG.java:1031)
at org.testng.remote.AbstractRemoteTestNG.run(AbstractRemoteTestNG.java:115)
at org.testng.remote.RemoteTestNG.initAndRun(RemoteTestNG.java:251)
at org.testng.remote.RemoteTestNG.main(RemoteTestNG.java:77)
]]>
            </full-stacktrace>
          </exception> <!-- java.io.FileNotFoundException -->
          <reporter-output>
          </reporter-output>
        </test-method> <!-- intialize -->
        <test-method status="SKIP" signature="launchbrowser()[pri:0, instance:com.Guru99.tests.FundTransferTest@4eb7f003]" name="launchbrowser" is-config="true" duration-ms="-1622564524059" started-at="2021-06-01T21:52:04 IST" finished-at="1970-01-01T05:30:00 IST">
          <reporter-output>
          </reporter-output>
        </test-method> <!-- launchbrowser -->
        <test-method status="SKIP" signature="openApplication()[pri:0, instance:com.Guru99.tests.FundTransferTest@4eb7f003]" name="openApplication" is-config="true" duration-ms="-1622564524061" started-at="2021-06-01T21:52:04 IST" finished-at="1970-01-01T05:30:00 IST">
          <reporter-output>
          </reporter-output>
        </test-method> <!-- openApplication -->
        <test-method status="SKIP" signature="verifyFundsTranfer()[pri:0, instance:com.Guru99.tests.FundTransferTest@4eb7f003]" name="verifyFundsTranfer" duration-ms="0" started-at="2021-06-01T21:52:04 IST" finished-at="2021-06-01T21:52:04 IST">
          <exception class="java.io.FileNotFoundException">
            <message>
              <![CDATA[C:\Codebase\Bankproject\Resources\config\Book1.xlsx (The system cannot find the path specified)]]>
            </message>
            <full-stacktrace>
              <![CDATA[java.io.FileNotFoundException: C:\Codebase\Bankproject\Resources\config\Book1.xlsx (The system cannot find the path specified)
at java.io.FileInputStream.open0(Native Method)
at java.io.FileInputStream.open(FileInputStream.java:195)
at java.io.FileInputStream.<init>(FileInputStream.java:138)
at com.Guru99.utilities.Excelutil.intializeproperty(Excelutil.java:16)
at com.Guru99.globaltest.BaseTest.intialize(BaseTest.java:26)
at sun.reflect.NativeMethodAccessorImpl.invoke0(Native Method)
at sun.reflect.NativeMethodAccessorImpl.invoke(NativeMethodAccessorImpl.java:62)
at sun.reflect.DelegatingMethodAccessorImpl.invoke(DelegatingMethodAccessorImpl.java:43)
at java.lang.reflect.Method.invoke(Method.java:498)
at org.testng.internal.MethodInvocationHelper.invokeMethod(MethodInvocationHelper.java:133)
at org.testng.internal.MethodInvocationHelper.invokeMethodConsideringTimeout(MethodInvocationHelper.java:62)
at org.testng.internal.ConfigInvoker.invokeConfigurationMethod(ConfigInvoker.java:385)
at org.testng.internal.ConfigInvoker.invokeConfigurations(ConfigInvoker.java:321)
at org.testng.SuiteRunner.privateRun(SuiteRunner.java:317)
at org.testng.SuiteRunner.run(SuiteRunner.java:276)
at org.testng.SuiteRunnerWorker.runSuite(SuiteRunnerWorker.java:53)
at org.testng.SuiteRunnerWorker.run(SuiteRunnerWorker.java:96)
at org.testng.TestNG.runSuitesSequentially(TestNG.java:1212)
at org.testng.TestNG.runSuitesLocally(TestNG.java:1134)
at org.testng.TestNG.runSuites(TestNG.java:1063)
at org.testng.TestNG.run(TestNG.java:1031)
at org.testng.remote.AbstractRemoteTestNG.run(AbstractRemoteTestNG.java:115)
at org.testng.remote.RemoteTestNG.initAndRun(RemoteTestNG.java:251)
at org.testng.remote.RemoteTestNG.main(RemoteTestNG.java:77)
]]>
            </full-stacktrace>
          </exception> <!-- java.io.FileNotFoundException -->
          <reporter-output>
          </reporter-output>
        </test-method> <!-- verifyFundsTranfer -->
        <test-method status="SKIP" signature="closebrowser()[pri:0, instance:com.Guru99.tests.FundTransferTest@4eb7f003]" name="closebrowser" is-config="true" duration-ms="-1622564524084" started-at="2021-06-01T21:52:04 IST" finished-at="1970-01-01T05:30:00 IST">
          <reporter-output>
          </reporter-output>
        </test-method> <!-- closebrowser -->
      </class> <!-- com.Guru99.tests.FundTransferTest -->
      <class name="com.Guru99.tests.LoginTest">
        <test-method status="SKIP" signature="launchbrowser()[pri:0, instance:com.Guru99.tests.LoginTest@462d5aee]" name="launchbrowser" is-config="true" duration-ms="-1622564524144" started-at="2021-06-01T21:52:04 IST" finished-at="1970-01-01T05:30:00 IST">
          <reporter-output>
          </reporter-output>
        </test-method> <!-- launchbrowser -->
        <test-method status="SKIP" signature="openApplication()[pri:0, instance:com.Guru99.tests.LoginTest@462d5aee]" name="openApplication" is-config="true" duration-ms="-1622564524146" started-at="2021-06-01T21:52:04 IST" finished-at="1970-01-01T05:30:00 IST">
          <reporter-output>
          </reporter-output>
        </test-method> <!-- openApplication -->
        <test-method status="SKIP" signature="verifyvaliedcredentals()[pri:0, instance:com.Guru99.tests.LoginTest@462d5aee]" name="verifyvaliedcredentals" duration-ms="0" started-at="2021-06-01T21:52:04 IST" finished-at="2021-06-01T21:52:04 IST">
          <exception class="java.io.FileNotFoundException">
            <message>
              <![CDATA[C:\Codebase\Bankproject\Resources\config\Book1.xlsx (The system cannot find the path specified)]]>
            </message>
            <full-stacktrace>
              <![CDATA[java.io.FileNotFoundException: C:\Codebase\Bankproject\Resources\config\Book1.xlsx (The system cannot find the path specified)
at java.io.FileInputStream.open0(Native Method)
at java.io.FileInputStream.open(FileInputStream.java:195)
at java.io.FileInputStream.<init>(FileInputStream.java:138)
at com.Guru99.utilities.Excelutil.intializeproperty(Excelutil.java:16)
at com.Guru99.globaltest.BaseTest.intialize(BaseTest.java:26)
at sun.reflect.NativeMethodAccessorImpl.invoke0(Native Method)
at sun.reflect.NativeMethodAccessorImpl.invoke(NativeMethodAccessorImpl.java:62)
at sun.reflect.DelegatingMethodAccessorImpl.invoke(DelegatingMethodAccessorImpl.java:43)
at java.lang.reflect.Method.invoke(Method.java:498)
at org.testng.internal.MethodInvocationHelper.invokeMethod(MethodInvocationHelper.java:133)
at org.testng.internal.MethodInvocationHelper.invokeMethodConsideringTimeout(MethodInvocationHelper.java:62)
at org.testng.internal.ConfigInvoker.invokeConfigurationMethod(ConfigInvoker.java:385)
at org.testng.internal.ConfigInvoker.invokeConfigurations(ConfigInvoker.java:321)
at org.testng.SuiteRunner.privateRun(SuiteRunner.java:317)
at org.testng.SuiteRunner.run(SuiteRunner.java:276)
at org.testng.SuiteRunnerWorker.runSuite(SuiteRunnerWorker.java:53)
at org.testng.SuiteRunnerWorker.run(SuiteRunnerWorker.java:96)
at org.testng.TestNG.runSuitesSequentially(TestNG.java:1212)
at org.testng.TestNG.runSuitesLocally(TestNG.java:1134)
at org.testng.TestNG.runSuites(TestNG.java:1063)
at org.testng.TestNG.run(TestNG.java:1031)
at org.testng.remote.AbstractRemoteTestNG.run(AbstractRemoteTestNG.java:115)
at org.testng.remote.RemoteTestNG.initAndRun(RemoteTestNG.java:251)
at org.testng.remote.RemoteTestNG.main(RemoteTestNG.java:77)
]]>
            </full-stacktrace>
          </exception> <!-- java.io.FileNotFoundException -->
          <reporter-output>
          </reporter-output>
        </test-method> <!-- verifyvaliedcredentals -->
        <test-method status="SKIP" signature="closebrowser()[pri:0, instance:com.Guru99.tests.LoginTest@462d5aee]" name="closebrowser" is-config="true" duration-ms="-1622564524152" started-at="2021-06-01T21:52:04 IST" finished-at="1970-01-01T05:30:00 IST">
          <reporter-output>
          </reporter-output>
        </test-method> <!-- closebrowser -->
      </class> <!-- com.Guru99.tests.LoginTest -->
      <class name="com.Guru99.tests.WithdrowAmountTest">
        <test-method status="SKIP" signature="launchbrowser()[pri:0, instance:com.Guru99.tests.WithdrowAmountTest@74ad1f1f]" name="launchbrowser" is-config="true" duration-ms="-1622564524116" started-at="2021-06-01T21:52:04 IST" finished-at="1970-01-01T05:30:00 IST">
          <reporter-output>
          </reporter-output>
        </test-method> <!-- launchbrowser -->
        <test-method status="SKIP" signature="openApplication()[pri:0, instance:com.Guru99.tests.WithdrowAmountTest@74ad1f1f]" name="openApplication" is-config="true" duration-ms="-1622564524118" started-at="2021-06-01T21:52:04 IST" finished-at="1970-01-01T05:30:00 IST">
          <reporter-output>
          </reporter-output>
        </test-method> <!-- openApplication -->
        <test-method status="SKIP" signature="verifyWithdrowAmount()[pri:0, instance:com.Guru99.tests.WithdrowAmountTest@74ad1f1f]" name="verifyWithdrowAmount" duration-ms="0" started-at="2021-06-01T21:52:04 IST" finished-at="2021-06-01T21:52:04 IST">
          <exception class="java.io.FileNotFoundException">
            <message>
              <![CDATA[C:\Codebase\Bankproject\Resources\config\Book1.xlsx (The system cannot find the path specified)]]>
            </message>
            <full-stacktrace>
              <![CDATA[java.io.FileNotFoundException: C:\Codebase\Bankproject\Resources\config\Book1.xlsx (The system cannot find the path specified)
at java.io.FileInputStream.open0(Native Method)
at java.io.FileInputStream.open(FileInputStream.java:195)
at java.io.FileInputStream.<init>(FileInputStream.java:138)
at com.Guru99.utilities.Excelutil.intializeproperty(Excelutil.java:16)
at com.Guru99.globaltest.BaseTest.intialize(BaseTest.java:26)
at sun.reflect.NativeMethodAccessorImpl.invoke0(Native Method)
at sun.reflect.NativeMethodAccessorImpl.invoke(NativeMethodAccessorImpl.java:62)
at sun.reflect.DelegatingMethodAccessorImpl.invoke(DelegatingMethodAccessorImpl.java:43)
at java.lang.reflect.Method.invoke(Method.java:498)
at org.testng.internal.MethodInvocationHelper.invokeMethod(MethodInvocationHelper.java:133)
at org.testng.internal.MethodInvocationHelper.invokeMethodConsideringTimeout(MethodInvocationHelper.java:62)
at org.testng.internal.ConfigInvoker.invokeConfigurationMethod(ConfigInvoker.java:385)
at org.testng.internal.ConfigInvoker.invokeConfigurations(ConfigInvoker.java:321)
at org.testng.SuiteRunner.privateRun(SuiteRunner.java:317)
at org.testng.SuiteRunner.run(SuiteRunner.java:276)
at org.testng.SuiteRunnerWorker.runSuite(SuiteRunnerWorker.java:53)
at org.testng.SuiteRunnerWorker.run(SuiteRunnerWorker.java:96)
at org.testng.TestNG.runSuitesSequentially(TestNG.java:1212)
at org.testng.TestNG.runSuitesLocally(TestNG.java:1134)
at org.testng.TestNG.runSuites(TestNG.java:1063)
at org.testng.TestNG.run(TestNG.java:1031)
at org.testng.remote.AbstractRemoteTestNG.run(AbstractRemoteTestNG.java:115)
at org.testng.remote.RemoteTestNG.initAndRun(RemoteTestNG.java:251)
at org.testng.remote.RemoteTestNG.main(RemoteTestNG.java:77)
]]>
            </full-stacktrace>
          </exception> <!-- java.io.FileNotFoundException -->
          <reporter-output>
          </reporter-output>
        </test-method> <!-- verifyWithdrowAmount -->
        <test-method status="SKIP" signature="closebrowser()[pri:0, instance:com.Guru99.tests.WithdrowAmountTest@74ad1f1f]" name="closebrowser" is-config="true" duration-ms="-1622564524127" started-at="2021-06-01T21:52:04 IST" finished-at="1970-01-01T05:30:00 IST">
          <reporter-output>
          </reporter-output>
        </test-method> <!-- closebrowser -->
      </class> <!-- com.Guru99.tests.WithdrowAmountTest -->
      <class name="com.Guru99.tests.NewAccountTest">
        <test-method status="SKIP" signature="launchbrowser()[pri:0, instance:com.Guru99.tests.NewAccountTest@6a1aab78]" name="launchbrowser" is-config="true" duration-ms="-1622564524129" started-at="2021-06-01T21:52:04 IST" finished-at="1970-01-01T05:30:00 IST">
          <reporter-output>
          </reporter-output>
        </test-method> <!-- launchbrowser -->
        <test-method status="SKIP" signature="openApplication()[pri:0, instance:com.Guru99.tests.NewAccountTest@6a1aab78]" name="openApplication" is-config="true" duration-ms="-1622564524131" started-at="2021-06-01T21:52:04 IST" finished-at="1970-01-01T05:30:00 IST">
          <reporter-output>
          </reporter-output>
        </test-method> <!-- openApplication -->
        <test-method status="SKIP" signature="verifyAddnewAccount()[pri:0, instance:com.Guru99.tests.NewAccountTest@6a1aab78]" name="verifyAddnewAccount" duration-ms="0" started-at="2021-06-01T21:52:04 IST" finished-at="2021-06-01T21:52:04 IST">
          <exception class="java.io.FileNotFoundException">
            <message>
              <![CDATA[C:\Codebase\Bankproject\Resources\config\Book1.xlsx (The system cannot find the path specified)]]>
            </message>
            <full-stacktrace>
              <![CDATA[java.io.FileNotFoundException: C:\Codebase\Bankproject\Resources\config\Book1.xlsx (The system cannot find the path specified)
at java.io.FileInputStream.open0(Native Method)
at java.io.FileInputStream.open(FileInputStream.java:195)
at java.io.FileInputStream.<init>(FileInputStream.java:138)
at com.Guru99.utilities.Excelutil.intializeproperty(Excelutil.java:16)
at com.Guru99.globaltest.BaseTest.intialize(BaseTest.java:26)
at sun.reflect.NativeMethodAccessorImpl.invoke0(Native Method)
at sun.reflect.NativeMethodAccessorImpl.invoke(NativeMethodAccessorImpl.java:62)
at sun.reflect.DelegatingMethodAccessorImpl.invoke(DelegatingMethodAccessorImpl.java:43)
at java.lang.reflect.Method.invoke(Method.java:498)
at org.testng.internal.MethodInvocationHelper.invokeMethod(MethodInvocationHelper.java:133)
at org.testng.internal.MethodInvocationHelper.invokeMethodConsideringTimeout(MethodInvocationHelper.java:62)
at org.testng.internal.ConfigInvoker.invokeConfigurationMethod(ConfigInvoker.java:385)
at org.testng.internal.ConfigInvoker.invokeConfigurations(ConfigInvoker.java:321)
at org.testng.SuiteRunner.privateRun(SuiteRunner.java:317)
at org.testng.SuiteRunner.run(SuiteRunner.java:276)
at org.testng.SuiteRunnerWorker.runSuite(SuiteRunnerWorker.java:53)
at org.testng.SuiteRunnerWorker.run(SuiteRunnerWorker.java:96)
at org.testng.TestNG.runSuitesSequentially(TestNG.java:1212)
at org.testng.TestNG.runSuitesLocally(TestNG.java:1134)
at org.testng.TestNG.runSuites(TestNG.java:1063)
at org.testng.TestNG.run(TestNG.java:1031)
at org.testng.remote.AbstractRemoteTestNG.run(AbstractRemoteTestNG.java:115)
at org.testng.remote.RemoteTestNG.initAndRun(RemoteTestNG.java:251)
at org.testng.remote.RemoteTestNG.main(RemoteTestNG.java:77)
]]>
            </full-stacktrace>
          </exception> <!-- java.io.FileNotFoundException -->
          <reporter-output>
          </reporter-output>
        </test-method> <!-- verifyAddnewAccount -->
        <test-method status="SKIP" signature="closebrowser()[pri:0, instance:com.Guru99.tests.NewAccountTest@6a1aab78]" name="closebrowser" is-config="true" duration-ms="-1622564524141" started-at="2021-06-01T21:52:04 IST" finished-at="1970-01-01T05:30:00 IST">
          <reporter-output>
          </reporter-output>
        </test-method> <!-- closebrowser -->
      </class> <!-- com.Guru99.tests.NewAccountTest -->
      <class name="com.Guru99.tests.NewCustomerTest">
        <test-method status="SKIP" signature="launchbrowser()[pri:0, instance:com.Guru99.tests.NewCustomerTest@69b0fd6f]" name="launchbrowser" is-config="true" duration-ms="-1622564524154" started-at="2021-06-01T21:52:04 IST" finished-at="1970-01-01T05:30:00 IST">
          <reporter-output>
          </reporter-output>
        </test-method> <!-- launchbrowser -->
        <test-method status="SKIP" signature="openApplication()[pri:0, instance:com.Guru99.tests.NewCustomerTest@69b0fd6f]" name="openApplication" is-config="true" duration-ms="-1622564524155" started-at="2021-06-01T21:52:04 IST" finished-at="1970-01-01T05:30:00 IST">
          <reporter-output>
          </reporter-output>
        </test-method> <!-- openApplication -->
        <test-method status="SKIP" signature="VerifyNewCustomer()[pri:0, instance:com.Guru99.tests.NewCustomerTest@69b0fd6f]" name="VerifyNewCustomer" duration-ms="0" started-at="2021-06-01T21:52:04 IST" finished-at="2021-06-01T21:52:04 IST">
          <exception class="java.io.FileNotFoundException">
            <message>
              <![CDATA[C:\Codebase\Bankproject\Resources\config\Book1.xlsx (The system cannot find the path specified)]]>
            </message>
            <full-stacktrace>
              <![CDATA[java.io.FileNotFoundException: C:\Codebase\Bankproject\Resources\config\Book1.xlsx (The system cannot find the path specified)
at java.io.FileInputStream.open0(Native Method)
at java.io.FileInputStream.open(FileInputStream.java:195)
at java.io.FileInputStream.<init>(FileInputStream.java:138)
at com.Guru99.utilities.Excelutil.intializeproperty(Excelutil.java:16)
at com.Guru99.globaltest.BaseTest.intialize(BaseTest.java:26)
at sun.reflect.NativeMethodAccessorImpl.invoke0(Native Method)
at sun.reflect.NativeMethodAccessorImpl.invoke(NativeMethodAccessorImpl.java:62)
at sun.reflect.DelegatingMethodAccessorImpl.invoke(DelegatingMethodAccessorImpl.java:43)
at java.lang.reflect.Method.invoke(Method.java:498)
at org.testng.internal.MethodInvocationHelper.invokeMethod(MethodInvocationHelper.java:133)
at org.testng.internal.MethodInvocationHelper.invokeMethodConsideringTimeout(MethodInvocationHelper.java:62)
at org.testng.internal.ConfigInvoker.invokeConfigurationMethod(ConfigInvoker.java:385)
at org.testng.internal.ConfigInvoker.invokeConfigurations(ConfigInvoker.java:321)
at org.testng.SuiteRunner.privateRun(SuiteRunner.java:317)
at org.testng.SuiteRunner.run(SuiteRunner.java:276)
at org.testng.SuiteRunnerWorker.runSuite(SuiteRunnerWorker.java:53)
at org.testng.SuiteRunnerWorker.run(SuiteRunnerWorker.java:96)
at org.testng.TestNG.runSuitesSequentially(TestNG.java:1212)
at org.testng.TestNG.runSuitesLocally(TestNG.java:1134)
at org.testng.TestNG.runSuites(TestNG.java:1063)
at org.testng.TestNG.run(TestNG.java:1031)
at org.testng.remote.AbstractRemoteTestNG.run(AbstractRemoteTestNG.java:115)
at org.testng.remote.RemoteTestNG.initAndRun(RemoteTestNG.java:251)
at org.testng.remote.RemoteTestNG.main(RemoteTestNG.java:77)
]]>
            </full-stacktrace>
          </exception> <!-- java.io.FileNotFoundException -->
          <reporter-output>
          </reporter-output>
        </test-method> <!-- VerifyNewCustomer -->
        <test-method status="SKIP" signature="closebrowser()[pri:0, instance:com.Guru99.tests.NewCustomerTest@69b0fd6f]" name="closebrowser" is-config="true" duration-ms="-1622564524163" started-at="2021-06-01T21:52:04 IST" finished-at="1970-01-01T05:30:00 IST">
          <reporter-output>
          </reporter-output>
        </test-method> <!-- closebrowser -->
      </class> <!-- com.Guru99.tests.NewCustomerTest -->
      <class name="com.Guru99.tests.EditCustomerTest">
        <test-method status="SKIP" signature="launchbrowser()[pri:0, instance:com.Guru99.tests.EditCustomerTest@66d1af89]" name="launchbrowser" is-config="true" duration-ms="-1622564524196" started-at="2021-06-01T21:52:04 IST" finished-at="1970-01-01T05:30:00 IST">
          <reporter-output>
          </reporter-output>
        </test-method> <!-- launchbrowser -->
        <test-method status="SKIP" signature="openApplication()[pri:0, instance:com.Guru99.tests.EditCustomerTest@66d1af89]" name="openApplication" is-config="true" duration-ms="-1622564524198" started-at="2021-06-01T21:52:04 IST" finished-at="1970-01-01T05:30:00 IST">
          <reporter-output>
          </reporter-output>
        </test-method> <!-- openApplication -->
        <test-method status="SKIP" signature="verifyEditCustomerDetails()[pri:0, instance:com.Guru99.tests.EditCustomerTest@66d1af89]" name="verifyEditCustomerDetails" duration-ms="0" started-at="2021-06-01T21:52:04 IST" finished-at="2021-06-01T21:52:04 IST">
          <exception class="java.io.FileNotFoundException">
            <message>
              <![CDATA[C:\Codebase\Bankproject\Resources\config\Book1.xlsx (The system cannot find the path specified)]]>
            </message>
            <full-stacktrace>
              <![CDATA[java.io.FileNotFoundException: C:\Codebase\Bankproject\Resources\config\Book1.xlsx (The system cannot find the path specified)
at java.io.FileInputStream.open0(Native Method)
at java.io.FileInputStream.open(FileInputStream.java:195)
at java.io.FileInputStream.<init>(FileInputStream.java:138)
at com.Guru99.utilities.Excelutil.intializeproperty(Excelutil.java:16)
at com.Guru99.globaltest.BaseTest.intialize(BaseTest.java:26)
at sun.reflect.NativeMethodAccessorImpl.invoke0(Native Method)
at sun.reflect.NativeMethodAccessorImpl.invoke(NativeMethodAccessorImpl.java:62)
at sun.reflect.DelegatingMethodAccessorImpl.invoke(DelegatingMethodAccessorImpl.java:43)
at java.lang.reflect.Method.invoke(Method.java:498)
at org.testng.internal.MethodInvocationHelper.invokeMethod(MethodInvocationHelper.java:133)
at org.testng.internal.MethodInvocationHelper.invokeMethodConsideringTimeout(MethodInvocationHelper.java:62)
at org.testng.internal.ConfigInvoker.invokeConfigurationMethod(ConfigInvoker.java:385)
at org.testng.internal.ConfigInvoker.invokeConfigurations(ConfigInvoker.java:321)
at org.testng.SuiteRunner.privateRun(SuiteRunner.java:317)
at org.testng.SuiteRunner.run(SuiteRunner.java:276)
at org.testng.SuiteRunnerWorker.runSuite(SuiteRunnerWorker.java:53)
at org.testng.SuiteRunnerWorker.run(SuiteRunnerWorker.java:96)
at org.testng.TestNG.runSuitesSequentially(TestNG.java:1212)
at org.testng.TestNG.runSuitesLocally(TestNG.java:1134)
at org.testng.TestNG.runSuites(TestNG.java:1063)
at org.testng.TestNG.run(TestNG.java:1031)
at org.testng.remote.AbstractRemoteTestNG.run(AbstractRemoteTestNG.java:115)
at org.testng.remote.RemoteTestNG.initAndRun(RemoteTestNG.java:251)
at org.testng.remote.RemoteTestNG.main(RemoteTestNG.java:77)
]]>
            </full-stacktrace>
          </exception> <!-- java.io.FileNotFoundException -->
          <reporter-output>
          </reporter-output>
        </test-method> <!-- verifyEditCustomerDetails -->
        <test-method status="SKIP" signature="closebrowser()[pri:0, instance:com.Guru99.tests.EditCustomerTest@66d1af89]" name="closebrowser" is-config="true" duration-ms="-1622564524206" started-at="2021-06-01T21:52:04 IST" finished-at="1970-01-01T05:30:00 IST">
          <reporter-output>
          </reporter-output>
        </test-method> <!-- closebrowser -->
      </class> <!-- com.Guru99.tests.EditCustomerTest -->
      <class name="com.Guru99.tests.BalanceEnquiryTest">
        <test-method status="SKIP" signature="launchbrowser()[pri:0, instance:com.Guru99.tests.BalanceEnquiryTest@4a87761d]" name="launchbrowser" is-config="true" duration-ms="-1622564524172" started-at="2021-06-01T21:52:04 IST" finished-at="1970-01-01T05:30:00 IST">
          <reporter-output>
          </reporter-output>
        </test-method> <!-- launchbrowser -->
        <test-method status="SKIP" signature="openApplication()[pri:0, instance:com.Guru99.tests.BalanceEnquiryTest@4a87761d]" name="openApplication" is-config="true" duration-ms="-1622564524175" started-at="2021-06-01T21:52:04 IST" finished-at="1970-01-01T05:30:00 IST">
          <reporter-output>
          </reporter-output>
        </test-method> <!-- openApplication -->
        <test-method status="SKIP" signature="verifyEditCustomerDetails()[pri:0, instance:com.Guru99.tests.BalanceEnquiryTest@4a87761d]" name="verifyEditCustomerDetails" duration-ms="0" started-at="2021-06-01T21:52:04 IST" finished-at="2021-06-01T21:52:04 IST">
          <exception class="java.io.FileNotFoundException">
            <message>
              <![CDATA[C:\Codebase\Bankproject\Resources\config\Book1.xlsx (The system cannot find the path specified)]]>
            </message>
            <full-stacktrace>
              <![CDATA[java.io.FileNotFoundException: C:\Codebase\Bankproject\Resources\config\Book1.xlsx (The system cannot find the path specified)
at java.io.FileInputStream.open0(Native Method)
at java.io.FileInputStream.open(FileInputStream.java:195)
at java.io.FileInputStream.<init>(FileInputStream.java:138)
at com.Guru99.utilities.Excelutil.intializeproperty(Excelutil.java:16)
at com.Guru99.globaltest.BaseTest.intialize(BaseTest.java:26)
at sun.reflect.NativeMethodAccessorImpl.invoke0(Native Method)
at sun.reflect.NativeMethodAccessorImpl.invoke(NativeMethodAccessorImpl.java:62)
at sun.reflect.DelegatingMethodAccessorImpl.invoke(DelegatingMethodAccessorImpl.java:43)
at java.lang.reflect.Method.invoke(Method.java:498)
at org.testng.internal.MethodInvocationHelper.invokeMethod(MethodInvocationHelper.java:133)
at org.testng.internal.MethodInvocationHelper.invokeMethodConsideringTimeout(MethodInvocationHelper.java:62)
at org.testng.internal.ConfigInvoker.invokeConfigurationMethod(ConfigInvoker.java:385)
at org.testng.internal.ConfigInvoker.invokeConfigurations(ConfigInvoker.java:321)
at org.testng.SuiteRunner.privateRun(SuiteRunner.java:317)
at org.testng.SuiteRunner.run(SuiteRunner.java:276)
at org.testng.SuiteRunnerWorker.runSuite(SuiteRunnerWorker.java:53)
at org.testng.SuiteRunnerWorker.run(SuiteRunnerWorker.java:96)
at org.testng.TestNG.runSuitesSequentially(TestNG.java:1212)
at org.testng.TestNG.runSuitesLocally(TestNG.java:1134)
at org.testng.TestNG.runSuites(TestNG.java:1063)
at org.testng.TestNG.run(TestNG.java:1031)
at org.testng.remote.AbstractRemoteTestNG.run(AbstractRemoteTestNG.java:115)
at org.testng.remote.RemoteTestNG.initAndRun(RemoteTestNG.java:251)
at org.testng.remote.RemoteTestNG.main(RemoteTestNG.java:77)
]]>
            </full-stacktrace>
          </exception> <!-- java.io.FileNotFoundException -->
          <reporter-output>
          </reporter-output>
        </test-method> <!-- verifyEditCustomerDetails -->
        <test-method status="SKIP" signature="closebrowser()[pri:0, instance:com.Guru99.tests.BalanceEnquiryTest@4a87761d]" name="closebrowser" is-config="true" duration-ms="-1622564524194" started-at="2021-06-01T21:52:04 IST" finished-at="1970-01-01T05:30:00 IST">
          <reporter-output>
          </reporter-output>
        </test-method> <!-- closebrowser -->
      </class> <!-- com.Guru99.tests.BalanceEnquiryTest -->
    </test> <!-- Test -->
  </suite> <!-- Suite -->
</testng-results>
